<?xml version="1.0" encoding="UTF-8"?>
<testng-results ignored="0" total="2" passed="2" failed="0" skipped="0">
  <reporter-output>
  </reporter-output>
  <suite started-at="2024-04-23T15:27:53 IST" name="Default suite" finished-at="2024-04-23T15:28:33 IST" duration-ms="40360">
    <groups>
    </groups>
    <test started-at="2024-04-23T15:27:53 IST" name="Default test" finished-at="2024-04-23T15:28:33 IST" duration-ms="40360">
      <class name="TestCases.TC_03">
        <test-method signature="setup()[pri:0, instance:TestCases.TC_03@7b2bbc3]" started-at="2024-04-23T15:27:53 IST" name="setup" finished-at="2024-04-23T15:28:15 IST" duration-ms="22227" status="PASS">
          <reporter-output>
          </reporter-output>
        </test-method> <!-- setup -->
        <test-method signature="register()[pri:0, instance:TestCases.TC_03@7b2bbc3]" started-at="2024-04-23T15:28:15 IST" name="register" finished-at="2024-04-23T15:28:33 IST" duration-ms="18066" status="PASS">
          <reporter-output>
          </reporter-output>
        </test-method> <!-- register -->
      </class> <!-- TestCases.TC_03 -->
    </test> <!-- Default test -->
  </suite> <!-- Default suite -->
</testng-results>
